
*** Running vivado
    with args -log AS7341_ilmb_v10_0.vds -m64 -product Vivado -mode batch -messageDb vivado.pb -notrace -source AS7341_ilmb_v10_0.tcl



****** Vivado v2023.2.2 (64-bit)
  **** SW Build 4126759 on Thu Feb  8 23:53:51 MST 2024
  **** IP Build 4126054 on Fri Feb  9 11:39:09 MST 2024
  **** SharedData Build 4115275 on Tue Jan 30 00:40:57 MST 2024
    ** Copyright 1986-2022 Xilinx, Inc. All Rights Reserved.
    ** Copyright 2022-2024 Advanced Micro Devices, Inc. All Rights Reserved.

source AS7341_ilmb_v10_0.tcl -notrace
INFO: [IP_Flow 19-6924] IPCACHE: Running cache check for IP inst: AS7341_ilmb_v10_0
Command: synth_design -top AS7341_ilmb_v10_0 -part xc7s50csga324-1 -incremental_mode off -mode out_of_context
Starting synth_design
Attempting to get a license for feature 'Synthesis' and/or device 'xc7s50'
INFO: [Common 17-349] Got license for feature 'Synthesis' and/or device 'xc7s50'
INFO: [Device 21-403] Loading part xc7s50csga324-1
INFO: [Synth 8-7079] Multithreading enabled for synth_design using a maximum of 2 processes.
INFO: [Synth 8-7078] Launching helper process for spawning children vivado processes
INFO: [Synth 8-7075] Helper process launched with PID 9804
---------------------------------------------------------------------------------
Starting RTL Elaboration : Time (s): cpu = 00:00:03 ; elapsed = 00:00:04 . Memory (MB): peak = 1425.707 ; gain = 439.199
---------------------------------------------------------------------------------
INFO: [Synth 8-638] synthesizing module 'AS7341_ilmb_v10_0' [c:/Users/cloud/OneDrive/_Arty_Spartan_7/Projects/AS7341-ARTYS7-50-I2C-MAIN/AS7341-ARTYS7-50-I2C-MAIN.gen/sources_1/bd/AS7341/ip/AS7341_ilmb_v10_0/synth/AS7341_ilmb_v10_0.vhd:89]
	Parameter C_LMB_NUM_SLAVES bound to: 1 - type: integer 
	Parameter C_LMB_DWIDTH bound to: 32 - type: integer 
	Parameter C_LMB_AWIDTH bound to: 32 - type: integer 
	Parameter C_LMB_PROTOCOL bound to: 0 - type: integer 
	Parameter C_EXT_RESET_HIGH bound to: 1 - type: integer 
INFO: [Synth 8-3491] module 'lmb_v10' declared at 'c:/Users/cloud/OneDrive/_Arty_Spartan_7/Projects/AS7341-ARTYS7-50-I2C-MAIN/AS7341-ARTYS7-50-I2C-MAIN.gen/sources_1/bd/AS7341/ipshared/ae24/hdl/lmb_v10_v3_0_vh_rfs.vhd:91' bound to instance 'U0' of component 'lmb_v10' [c:/Users/cloud/OneDrive/_Arty_Spartan_7/Projects/AS7341-ARTYS7-50-I2C-MAIN/AS7341-ARTYS7-50-I2C-MAIN.gen/sources_1/bd/AS7341/ip/AS7341_ilmb_v10_0/synth/AS7341_ilmb_v10_0.vhd:165]
INFO: [Synth 8-638] synthesizing module 'lmb_v10' [c:/Users/cloud/OneDrive/_Arty_Spartan_7/Projects/AS7341-ARTYS7-50-I2C-MAIN/AS7341-ARTYS7-50-I2C-MAIN.gen/sources_1/bd/AS7341/ipshared/ae24/hdl/lmb_v10_v3_0_vh_rfs.vhd:140]
INFO: [Synth 8-3491] module 'FDS' declared at 'C:/Xilinx/Vivado/2023.2/scripts/rt/data/unisim_comp.v:41128' bound to instance 'POR_FF_I' of component 'FDS' [c:/Users/cloud/OneDrive/_Arty_Spartan_7/Projects/AS7341-ARTYS7-50-I2C-MAIN/AS7341-ARTYS7-50-I2C-MAIN.gen/sources_1/bd/AS7341/ipshared/ae24/hdl/lmb_v10_v3_0_vh_rfs.vhd:170]
INFO: [Synth 8-6157] synthesizing module 'FDS' [C:/Xilinx/Vivado/2023.2/scripts/rt/data/unisim_comp.v:41128]
INFO: [Synth 8-6155] done synthesizing module 'FDS' (0#1) [C:/Xilinx/Vivado/2023.2/scripts/rt/data/unisim_comp.v:41128]
INFO: [Synth 8-256] done synthesizing module 'lmb_v10' (0#1) [c:/Users/cloud/OneDrive/_Arty_Spartan_7/Projects/AS7341-ARTYS7-50-I2C-MAIN/AS7341-ARTYS7-50-I2C-MAIN.gen/sources_1/bd/AS7341/ipshared/ae24/hdl/lmb_v10_v3_0_vh_rfs.vhd:140]
INFO: [Synth 8-256] done synthesizing module 'AS7341_ilmb_v10_0' (0#1) [c:/Users/cloud/OneDrive/_Arty_Spartan_7/Projects/AS7341-ARTYS7-50-I2C-MAIN/AS7341-ARTYS7-50-I2C-MAIN.gen/sources_1/bd/AS7341/ip/AS7341_ilmb_v10_0/synth/AS7341_ilmb_v10_0.vhd:89]
---------------------------------------------------------------------------------
Finished RTL Elaboration : Time (s): cpu = 00:00:04 ; elapsed = 00:00:06 . Memory (MB): peak = 1538.598 ; gain = 552.090
---------------------------------------------------------------------------------
---------------------------------------------------------------------------------
Start Handling Custom Attributes
---------------------------------------------------------------------------------
---------------------------------------------------------------------------------
Finished Handling Custom Attributes : Time (s): cpu = 00:00:04 ; elapsed = 00:00:06 . Memory (MB): peak = 1538.598 ; gain = 552.090
---------------------------------------------------------------------------------
---------------------------------------------------------------------------------
Finished RTL Optimization Phase 1 : Time (s): cpu = 00:00:04 ; elapsed = 00:00:06 . Memory (MB): peak = 1538.598 ; gain = 552.090
---------------------------------------------------------------------------------
Netlist sorting complete. Time (s): cpu = 00:00:00 ; elapsed = 00:00:00.003 . Memory (MB): peak = 1538.598 ; gain = 0.000
INFO: [Netlist 29-17] Analyzing 1 Unisim elements for replacement
INFO: [Netlist 29-28] Unisim Transformation completed in 0 CPU seconds
INFO: [Project 1-570] Preparing netlist for logic optimization

Processing XDC Constraints
Initializing timing engine
Parsing XDC File [c:/Users/cloud/OneDrive/_Arty_Spartan_7/Projects/AS7341-ARTYS7-50-I2C-MAIN/AS7341-ARTYS7-50-I2C-MAIN.gen/sources_1/bd/AS7341/ip/AS7341_ilmb_v10_0/AS7341_ilmb_v10_0_ooc.xdc] for cell 'U0'
Finished Parsing XDC File [c:/Users/cloud/OneDrive/_Arty_Spartan_7/Projects/AS7341-ARTYS7-50-I2C-MAIN/AS7341-ARTYS7-50-I2C-MAIN.gen/sources_1/bd/AS7341/ip/AS7341_ilmb_v10_0/AS7341_ilmb_v10_0_ooc.xdc] for cell 'U0'
Parsing XDC File [C:/Users/cloud/OneDrive/_Arty_Spartan_7/Projects/AS7341-ARTYS7-50-I2C-MAIN/AS7341-ARTYS7-50-I2C-MAIN.runs/AS7341_ilmb_v10_0_synth_1/dont_touch.xdc]
Finished Parsing XDC File [C:/Users/cloud/OneDrive/_Arty_Spartan_7/Projects/AS7341-ARTYS7-50-I2C-MAIN/AS7341-ARTYS7-50-I2C-MAIN.runs/AS7341_ilmb_v10_0_synth_1/dont_touch.xdc]
Completed Processing XDC Constraints

Netlist sorting complete. Time (s): cpu = 00:00:00 ; elapsed = 00:00:00 . Memory (MB): peak = 1546.895 ; gain = 0.000
INFO: [Project 1-111] Unisim Transformation Summary:
  A total of 1 instances were transformed.
  FDS => FDSE: 1 instance 

The system cannot find the path specified.
Constraint Validation Runtime : Time (s): cpu = 00:00:00 ; elapsed = 00:00:00.013 . Memory (MB): peak = 1546.895 ; gain = 0.000
INFO: [Designutils 20-5008] Incremental synthesis strategy off
---------------------------------------------------------------------------------
Finished Constraint Validation : Time (s): cpu = 00:00:08 ; elapsed = 00:00:11 . Memory (MB): peak = 1546.895 ; gain = 560.387
---------------------------------------------------------------------------------
---------------------------------------------------------------------------------
Start Loading Part and Timing Information
---------------------------------------------------------------------------------
Loading part: xc7s50csga324-1
---------------------------------------------------------------------------------
Finished Loading Part and Timing Information : Time (s): cpu = 00:00:08 ; elapsed = 00:00:11 . Memory (MB): peak = 1546.895 ; gain = 560.387
---------------------------------------------------------------------------------
---------------------------------------------------------------------------------
Start Applying 'set_property' XDC Constraints
---------------------------------------------------------------------------------
Applied set_property KEEP_HIERARCHY = SOFT for U0. (constraint file  C:/Users/cloud/OneDrive/_Arty_Spartan_7/Projects/AS7341-ARTYS7-50-I2C-MAIN/AS7341-ARTYS7-50-I2C-MAIN.runs/AS7341_ilmb_v10_0_synth_1/dont_touch.xdc, line 9).
---------------------------------------------------------------------------------
Finished applying 'set_property' XDC Constraints : Time (s): cpu = 00:00:08 ; elapsed = 00:00:11 . Memory (MB): peak = 1546.895 ; gain = 560.387
---------------------------------------------------------------------------------
---------------------------------------------------------------------------------
Finished RTL Optimization Phase 2 : Time (s): cpu = 00:00:08 ; elapsed = 00:00:12 . Memory (MB): peak = 1546.895 ; gain = 560.387
---------------------------------------------------------------------------------
---------------------------------------------------------------------------------
Start RTL Component Statistics 
---------------------------------------------------------------------------------
Detailed RTL Component Info : 
---------------------------------------------------------------------------------
Finished RTL Component Statistics 
---------------------------------------------------------------------------------
---------------------------------------------------------------------------------
Start Part Resource Summary
---------------------------------------------------------------------------------
Part Resources:
DSPs: 120 (col length:60)
BRAMs: 150 (col length: RAMB18 60 RAMB36 30)
---------------------------------------------------------------------------------
Finished Part Resource Summary
---------------------------------------------------------------------------------
---------------------------------------------------------------------------------
Start Cross Boundary and Area Optimization
---------------------------------------------------------------------------------
WARNING: [Synth 8-7080] Parallel synthesis criteria is not met
---------------------------------------------------------------------------------
Finished Cross Boundary and Area Optimization : Time (s): cpu = 00:00:09 ; elapsed = 00:00:13 . Memory (MB): peak = 1546.895 ; gain = 560.387
---------------------------------------------------------------------------------
---------------------------------------------------------------------------------
Start Applying XDC Timing Constraints
---------------------------------------------------------------------------------
---------------------------------------------------------------------------------
Finished Applying XDC Timing Constraints : Time (s): cpu = 00:00:12 ; elapsed = 00:00:17 . Memory (MB): peak = 1546.895 ; gain = 560.387
---------------------------------------------------------------------------------
---------------------------------------------------------------------------------
Start Timing Optimization
---------------------------------------------------------------------------------
---------------------------------------------------------------------------------
Finished Timing Optimization : Time (s): cpu = 00:00:12 ; elapsed = 00:00:17 . Memory (MB): peak = 1546.895 ; gain = 560.387
---------------------------------------------------------------------------------
---------------------------------------------------------------------------------
Start Technology Mapping
---------------------------------------------------------------------------------
---------------------------------------------------------------------------------
Finished Technology Mapping : Time (s): cpu = 00:00:12 ; elapsed = 00:00:17 . Memory (MB): peak = 1546.895 ; gain = 560.387
---------------------------------------------------------------------------------
---------------------------------------------------------------------------------
Start IO Insertion
---------------------------------------------------------------------------------
---------------------------------------------------------------------------------
Start Flattening Before IO Insertion
---------------------------------------------------------------------------------
---------------------------------------------------------------------------------
Finished Flattening Before IO Insertion
---------------------------------------------------------------------------------
---------------------------------------------------------------------------------
Start Final Netlist Cleanup
---------------------------------------------------------------------------------
---------------------------------------------------------------------------------
Finished Final Netlist Cleanup
---------------------------------------------------------------------------------
---------------------------------------------------------------------------------
Finished IO Insertion : Time (s): cpu = 00:00:14 ; elapsed = 00:00:20 . Memory (MB): peak = 1546.895 ; gain = 560.387
---------------------------------------------------------------------------------
---------------------------------------------------------------------------------
Start Renaming Generated Instances
---------------------------------------------------------------------------------
---------------------------------------------------------------------------------
Finished Renaming Generated Instances : Time (s): cpu = 00:00:14 ; elapsed = 00:00:20 . Memory (MB): peak = 1546.895 ; gain = 560.387
---------------------------------------------------------------------------------
---------------------------------------------------------------------------------
Start Rebuilding User Hierarchy
---------------------------------------------------------------------------------
---------------------------------------------------------------------------------
Finished Rebuilding User Hierarchy : Time (s): cpu = 00:00:14 ; elapsed = 00:00:20 . Memory (MB): peak = 1546.895 ; gain = 560.387
---------------------------------------------------------------------------------
---------------------------------------------------------------------------------
Start Renaming Generated Ports
---------------------------------------------------------------------------------
---------------------------------------------------------------------------------
Finished Renaming Generated Ports : Time (s): cpu = 00:00:14 ; elapsed = 00:00:20 . Memory (MB): peak = 1546.895 ; gain = 560.387
---------------------------------------------------------------------------------
---------------------------------------------------------------------------------
Start Handling Custom Attributes
---------------------------------------------------------------------------------
---------------------------------------------------------------------------------
Finished Handling Custom Attributes : Time (s): cpu = 00:00:14 ; elapsed = 00:00:20 . Memory (MB): peak = 1546.895 ; gain = 560.387
---------------------------------------------------------------------------------
---------------------------------------------------------------------------------
Start Renaming Generated Nets
---------------------------------------------------------------------------------
---------------------------------------------------------------------------------
Finished Renaming Generated Nets : Time (s): cpu = 00:00:14 ; elapsed = 00:00:20 . Memory (MB): peak = 1546.895 ; gain = 560.387
---------------------------------------------------------------------------------
---------------------------------------------------------------------------------
Start Writing Synthesis Report
---------------------------------------------------------------------------------

Report BlackBoxes: 
+-+--------------+----------+
| |BlackBox name |Instances |
+-+--------------+----------+
+-+--------------+----------+

Report Cell Usage: 
+------+-----+------+
|      |Cell |Count |
+------+-----+------+
|1     |FDS  |     1|
+------+-----+------+
---------------------------------------------------------------------------------
Finished Writing Synthesis Report : Time (s): cpu = 00:00:14 ; elapsed = 00:00:20 . Memory (MB): peak = 1546.895 ; gain = 560.387
---------------------------------------------------------------------------------
Synthesis finished with 0 errors, 0 critical warnings and 1 warnings.
Synthesis Optimization Runtime : Time (s): cpu = 00:00:09 ; elapsed = 00:00:18 . Memory (MB): peak = 1546.895 ; gain = 552.090
Synthesis Optimization Complete : Time (s): cpu = 00:00:14 ; elapsed = 00:00:20 . Memory (MB): peak = 1546.895 ; gain = 560.387
INFO: [Project 1-571] Translating synthesized netlist
Netlist sorting complete. Time (s): cpu = 00:00:00 ; elapsed = 00:00:00.002 . Memory (MB): peak = 1546.895 ; gain = 0.000
INFO: [Netlist 29-17] Analyzing 1 Unisim elements for replacement
INFO: [Netlist 29-28] Unisim Transformation completed in 0 CPU seconds
INFO: [Project 1-570] Preparing netlist for logic optimization
INFO: [Opt 31-138] Pushed 0 inverter(s) to 0 load pin(s).
Netlist sorting complete. Time (s): cpu = 00:00:00 ; elapsed = 00:00:00 . Memory (MB): peak = 1550.445 ; gain = 0.000
INFO: [Project 1-111] Unisim Transformation Summary:
  A total of 1 instances were transformed.
  FDS => FDSE: 1 instance 

The system cannot find the path specified.
Synth Design complete | Checksum: 35a60a8e
INFO: [Common 17-83] Releasing license: Synthesis
26 Infos, 1 Warnings, 0 Critical Warnings and 0 Errors encountered.
synth_design completed successfully
synth_design: Time (s): cpu = 00:00:15 ; elapsed = 00:00:23 . Memory (MB): peak = 1550.445 ; gain = 951.930
INFO: [Common 17-1381] The checkpoint 'C:/Users/cloud/OneDrive/_Arty_Spartan_7/Projects/AS7341-ARTYS7-50-I2C-MAIN/AS7341-ARTYS7-50-I2C-MAIN.runs/AS7341_ilmb_v10_0_synth_1/AS7341_ilmb_v10_0.dcp' has been generated.
INFO: [Coretcl 2-1648] Added synthesis output to IP cache for IP AS7341_ilmb_v10_0, cache-ID = 820f44a25faabe06
INFO: [Common 17-1381] The checkpoint 'C:/Users/cloud/OneDrive/_Arty_Spartan_7/Projects/AS7341-ARTYS7-50-I2C-MAIN/AS7341-ARTYS7-50-I2C-MAIN.runs/AS7341_ilmb_v10_0_synth_1/AS7341_ilmb_v10_0.dcp' has been generated.
INFO: [runtcl-4] Executing : report_utilization -file AS7341_ilmb_v10_0_utilization_synth.rpt -pb AS7341_ilmb_v10_0_utilization_synth.pb
INFO: [Common 17-206] Exiting Vivado at Mon Apr  8 12:27:48 2024...
